2020-06-22 03:19:41,248 INFO [main] k.a.h.Homework3Application [StartupInfoLogger.java:55] Starting Homework3Application on Jiui-MacBookPro.local with PID 22270 (/Users/Dingni/Documents/GitHub/helloSpringBoot/homework3/target/classes started by Dingni in /Users/Dingni/Documents/GitHub/helloSpringBoot/homework3)
2020-06-22 03:19:41,250 DEBUG [main] k.a.h.Homework3Application [StartupInfoLogger.java:56] Running with Spring Boot v2.3.1.RELEASE, Spring v5.2.7.RELEASE
2020-06-22 03:19:41,251 INFO [main] k.a.h.Homework3Application [SpringApplication.java:651] No active profile set, falling back to default profiles: default
2020-06-22 03:19:41,943 INFO [main] o.s.d.r.c.RepositoryConfigurationDelegate [RepositoryConfigurationDelegate.java:127] Bootstrapping Spring Data JPA repositories in DEFERRED mode.
2020-06-22 03:19:41,977 INFO [main] o.s.d.r.c.RepositoryConfigurationDelegate [RepositoryConfigurationDelegate.java:187] Finished Spring Data repository scanning in 26ms. Found 0 JPA repository interfaces.
2020-06-22 03:19:42,431 INFO [main] o.s.b.w.e.t.TomcatWebServer [TomcatWebServer.java:108] Tomcat initialized with port(s): 9090 (http)
2020-06-22 03:19:42,438 INFO [main] o.a.c.h.Http11NioProtocol [DirectJDKLog.java:173] Initializing ProtocolHandler ["http-nio-9090"]
2020-06-22 03:19:42,438 INFO [main] o.a.c.c.StandardService [DirectJDKLog.java:173] Starting service [Tomcat]
2020-06-22 03:19:42,439 INFO [main] o.a.c.c.StandardEngine [DirectJDKLog.java:173] Starting Servlet engine: [Apache Tomcat/9.0.36]
2020-06-22 03:19:42,522 INFO [main] o.a.c.c.C.[.[.[/] [DirectJDKLog.java:173] Initializing Spring embedded WebApplicationContext
2020-06-22 03:19:42,523 INFO [main] o.s.b.w.s.c.ServletWebServerApplicationContext [ServletWebServerApplicationContext.java:285] Root WebApplicationContext: initialization completed in 1238 ms
2020-06-22 03:19:42,754 INFO [main] o.s.s.c.ThreadPoolTaskExecutor [ExecutorConfigurationSupport.java:181] Initializing ExecutorService 'applicationTaskExecutor'
2020-06-22 03:19:42,789 INFO [task-1] o.h.j.i.u.LogHelper [LogHelper.java:31] HHH000204: Processing PersistenceUnitInfo [name: default]
2020-06-22 03:19:42,808 WARN [main] o.s.b.a.o.j.JpaBaseConfiguration$JpaWebConfiguration [JpaBaseConfiguration.java:220] spring.jpa.open-in-view is enabled by default. Therefore, database queries may be performed during view rendering. Explicitly configure spring.jpa.open-in-view to disable this warning
2020-06-22 03:19:42,827 INFO [task-1] o.h.Version [Version.java:44] HHH000412: Hibernate ORM core version 5.4.17.Final
2020-06-22 03:19:42,960 INFO [task-1] o.h.a.c.Version [JavaReflectionManager.java:49] HCANN000001: Hibernate Commons Annotations {5.1.0.Final}
2020-06-22 03:19:42,977 INFO [main] o.s.b.a.w.s.WelcomePageHandlerMapping [WelcomePageHandlerMapping.java:58] Adding welcome page template: index
2020-06-22 03:19:43,049 INFO [task-1] c.z.h.HikariDataSource [HikariDataSource.java:110] HikariPool-1 - Starting...
2020-06-22 03:19:43,357 INFO [task-1] c.z.h.HikariDataSource [HikariDataSource.java:123] HikariPool-1 - Start completed.
2020-06-22 03:19:43,380 INFO [task-1] o.h.d.Dialect [Dialect.java:172] HHH000400: Using dialect: org.hibernate.dialect.MySQL8Dialect
2020-06-22 03:19:43,556 INFO [task-1] o.h.e.t.j.p.i.JtaPlatformInitiator [JtaPlatformInitiator.java:52] HHH000490: Using JtaPlatform implementation: [org.hibernate.engine.transaction.jta.platform.internal.NoJtaPlatform]
2020-06-22 03:19:43,562 INFO [task-1] o.s.o.j.LocalContainerEntityManagerFactoryBean [AbstractEntityManagerFactoryBean.java:416] Initialized JPA EntityManagerFactory for persistence unit 'default'
2020-06-22 03:19:43,623 INFO [main] o.s.b.a.s.s.UserDetailsServiceAutoConfiguration [UserDetailsServiceAutoConfiguration.java:86] 

Using generated security password: 8c13fbb6-7eac-4991-8321-497b642999d8

2020-06-22 03:19:43,687 INFO [main] o.s.s.w.DefaultSecurityFilterChain [DefaultSecurityFilterChain.java:43] Creating filter chain: any request, [org.springframework.security.web.context.request.async.WebAsyncManagerIntegrationFilter@2c47a053, org.springframework.security.web.context.SecurityContextPersistenceFilter@6ce26986, org.springframework.security.web.header.HeaderWriterFilter@4b3a01d8, org.springframework.security.web.csrf.CsrfFilter@53016b11, org.springframework.security.web.authentication.logout.LogoutFilter@25ce435, org.springframework.security.web.authentication.UsernamePasswordAuthenticationFilter@1b46392c, org.springframework.security.web.authentication.ui.DefaultLoginPageGeneratingFilter@56a05324, org.springframework.security.web.authentication.ui.DefaultLogoutPageGeneratingFilter@5d2a86c0, org.springframework.security.web.authentication.www.BasicAuthenticationFilter@5c59a0f7, org.springframework.security.web.savedrequest.RequestCacheAwareFilter@6d6cd1e0, org.springframework.security.web.servletapi.SecurityContextHolderAwareRequestFilter@5866731, org.springframework.security.web.authentication.AnonymousAuthenticationFilter@5ba1b62e, org.springframework.security.web.session.SessionManagementFilter@2f4d32bf, org.springframework.security.web.access.ExceptionTranslationFilter@2d237460, org.springframework.security.web.access.intercept.FilterSecurityInterceptor@7ac058a0]
2020-06-22 03:19:43,720 INFO [main] o.s.b.a.e.w.EndpointLinksResolver [EndpointLinksResolver.java:58] Exposing 14 endpoint(s) beneath base path '/actuator'
2020-06-22 03:19:43,741 INFO [main] o.a.c.h.Http11NioProtocol [DirectJDKLog.java:173] Starting ProtocolHandler ["http-nio-9090"]
2020-06-22 03:19:43,756 INFO [main] o.s.b.w.e.t.TomcatWebServer [TomcatWebServer.java:220] Tomcat started on port(s): 9090 (http) with context path ''
2020-06-22 03:19:43,757 INFO [main] o.s.d.r.c.DeferredRepositoryInitializationListener [DeferredRepositoryInitializationListener.java:49] Triggering deferred initialization of Spring Data repositories…
2020-06-22 03:19:43,758 INFO [main] o.s.d.r.c.DeferredRepositoryInitializationListener [DeferredRepositoryInitializationListener.java:53] Spring Data repositories initialized!
2020-06-22 03:19:43,770 INFO [main] k.a.h.Homework3Application [StartupInfoLogger.java:61] Started Homework3Application in 2.915 seconds (JVM running for 3.254)
2020-06-22 03:20:58,193 INFO [SpringContextShutdownHook] o.s.o.j.LocalContainerEntityManagerFactoryBean [AbstractEntityManagerFactoryBean.java:598] Closing JPA EntityManagerFactory for persistence unit 'default'
2020-06-22 03:20:58,195 INFO [SpringContextShutdownHook] o.s.s.c.ThreadPoolTaskExecutor [ExecutorConfigurationSupport.java:218] Shutting down ExecutorService 'applicationTaskExecutor'
2020-06-22 03:20:58,195 INFO [SpringContextShutdownHook] c.z.h.HikariDataSource [HikariDataSource.java:350] HikariPool-1 - Shutdown initiated...
2020-06-22 03:20:58,203 INFO [SpringContextShutdownHook] c.z.h.HikariDataSource [HikariDataSource.java:352] HikariPool-1 - Shutdown completed.
2020-06-22 04:08:48,182 INFO [main] k.a.h.Homework3Application [StartupInfoLogger.java:55] Starting Homework3Application on Jiui-MacBookPro.local with PID 22718 (/Users/Dingni/Documents/GitHub/helloSpringBoot/homework3/target/classes started by Dingni in /Users/Dingni/Documents/GitHub/helloSpringBoot/homework3)
2020-06-22 04:08:48,185 DEBUG [main] k.a.h.Homework3Application [StartupInfoLogger.java:56] Running with Spring Boot v2.3.1.RELEASE, Spring v5.2.7.RELEASE
2020-06-22 04:08:48,186 INFO [main] k.a.h.Homework3Application [SpringApplication.java:651] No active profile set, falling back to default profiles: default
2020-06-22 04:08:48,828 INFO [main] o.s.d.r.c.RepositoryConfigurationDelegate [RepositoryConfigurationDelegate.java:127] Bootstrapping Spring Data JPA repositories in DEFERRED mode.
2020-06-22 04:08:48,892 INFO [main] o.s.d.r.c.RepositoryConfigurationDelegate [RepositoryConfigurationDelegate.java:187] Finished Spring Data repository scanning in 56ms. Found 1 JPA repository interfaces.
2020-06-22 04:08:49,353 INFO [main] o.s.b.w.e.t.TomcatWebServer [TomcatWebServer.java:108] Tomcat initialized with port(s): 9090 (http)
2020-06-22 04:08:49,361 INFO [main] o.a.c.h.Http11NioProtocol [DirectJDKLog.java:173] Initializing ProtocolHandler ["http-nio-9090"]
2020-06-22 04:08:49,362 INFO [main] o.a.c.c.StandardService [DirectJDKLog.java:173] Starting service [Tomcat]
2020-06-22 04:08:49,362 INFO [main] o.a.c.c.StandardEngine [DirectJDKLog.java:173] Starting Servlet engine: [Apache Tomcat/9.0.36]
2020-06-22 04:08:49,458 INFO [main] o.a.c.c.C.[.[.[/] [DirectJDKLog.java:173] Initializing Spring embedded WebApplicationContext
2020-06-22 04:08:49,459 INFO [main] o.s.b.w.s.c.ServletWebServerApplicationContext [ServletWebServerApplicationContext.java:285] Root WebApplicationContext: initialization completed in 1240 ms
2020-06-22 04:08:49,681 INFO [main] o.s.s.c.ThreadPoolTaskExecutor [ExecutorConfigurationSupport.java:181] Initializing ExecutorService 'applicationTaskExecutor'
2020-06-22 04:08:49,716 INFO [task-1] o.h.j.i.u.LogHelper [LogHelper.java:31] HHH000204: Processing PersistenceUnitInfo [name: default]
2020-06-22 04:08:49,745 WARN [main] o.s.b.a.o.j.JpaBaseConfiguration$JpaWebConfiguration [JpaBaseConfiguration.java:220] spring.jpa.open-in-view is enabled by default. Therefore, database queries may be performed during view rendering. Explicitly configure spring.jpa.open-in-view to disable this warning
2020-06-22 04:08:49,754 INFO [task-1] o.h.Version [Version.java:44] HHH000412: Hibernate ORM core version 5.4.17.Final
2020-06-22 04:08:49,877 INFO [task-1] o.h.a.c.Version [JavaReflectionManager.java:49] HCANN000001: Hibernate Commons Annotations {5.1.0.Final}
2020-06-22 04:08:49,905 INFO [main] o.s.b.a.w.s.WelcomePageHandlerMapping [WelcomePageHandlerMapping.java:58] Adding welcome page template: index
2020-06-22 04:08:49,963 INFO [task-1] c.z.h.HikariDataSource [HikariDataSource.java:110] HikariPool-1 - Starting...
2020-06-22 04:08:50,243 INFO [task-1] c.z.h.HikariDataSource [HikariDataSource.java:123] HikariPool-1 - Start completed.
2020-06-22 04:08:50,264 INFO [task-1] o.h.d.Dialect [Dialect.java:172] HHH000400: Using dialect: org.hibernate.dialect.MySQL8Dialect
2020-06-22 04:08:50,691 INFO [task-1] o.h.e.t.j.p.i.JtaPlatformInitiator [JtaPlatformInitiator.java:52] HHH000490: Using JtaPlatform implementation: [org.hibernate.engine.transaction.jta.platform.internal.NoJtaPlatform]
2020-06-22 04:08:50,695 INFO [task-1] o.s.o.j.LocalContainerEntityManagerFactoryBean [AbstractEntityManagerFactoryBean.java:416] Initialized JPA EntityManagerFactory for persistence unit 'default'
2020-06-22 04:08:50,727 INFO [main] o.s.b.a.e.w.EndpointLinksResolver [EndpointLinksResolver.java:58] Exposing 14 endpoint(s) beneath base path '/actuator'
2020-06-22 04:08:50,746 INFO [main] o.a.c.h.Http11NioProtocol [DirectJDKLog.java:173] Starting ProtocolHandler ["http-nio-9090"]
2020-06-22 04:08:50,760 INFO [main] o.s.b.w.e.t.TomcatWebServer [TomcatWebServer.java:220] Tomcat started on port(s): 9090 (http) with context path ''
2020-06-22 04:08:50,761 INFO [main] o.s.d.r.c.DeferredRepositoryInitializationListener [DeferredRepositoryInitializationListener.java:49] Triggering deferred initialization of Spring Data repositories…
2020-06-22 04:08:50,970 INFO [main] o.s.d.r.c.DeferredRepositoryInitializationListener [DeferredRepositoryInitializationListener.java:53] Spring Data repositories initialized!
2020-06-22 04:08:50,991 INFO [main] k.a.h.Homework3Application [StartupInfoLogger.java:61] Started Homework3Application in 3.282 seconds (JVM running for 3.643)
2020-06-22 04:11:05,202 INFO [SpringContextShutdownHook] o.s.o.j.LocalContainerEntityManagerFactoryBean [AbstractEntityManagerFactoryBean.java:598] Closing JPA EntityManagerFactory for persistence unit 'default'
2020-06-22 04:11:05,204 INFO [SpringContextShutdownHook] o.s.s.c.ThreadPoolTaskExecutor [ExecutorConfigurationSupport.java:218] Shutting down ExecutorService 'applicationTaskExecutor'
2020-06-22 04:11:05,205 INFO [SpringContextShutdownHook] c.z.h.HikariDataSource [HikariDataSource.java:350] HikariPool-1 - Shutdown initiated...
2020-06-22 04:11:05,214 INFO [SpringContextShutdownHook] c.z.h.HikariDataSource [HikariDataSource.java:352] HikariPool-1 - Shutdown completed.
2020-06-22 04:11:06,867 INFO [main] k.a.h.Homework3Application [StartupInfoLogger.java:55] Starting Homework3Application on Jiui-MacBookPro.local with PID 22749 (/Users/Dingni/Documents/GitHub/helloSpringBoot/homework3/target/classes started by Dingni in /Users/Dingni/Documents/GitHub/helloSpringBoot/homework3)
2020-06-22 04:11:06,869 DEBUG [main] k.a.h.Homework3Application [StartupInfoLogger.java:56] Running with Spring Boot v2.3.1.RELEASE, Spring v5.2.7.RELEASE
2020-06-22 04:11:06,869 INFO [main] k.a.h.Homework3Application [SpringApplication.java:651] No active profile set, falling back to default profiles: default
2020-06-22 04:11:07,551 INFO [main] o.s.d.r.c.RepositoryConfigurationDelegate [RepositoryConfigurationDelegate.java:127] Bootstrapping Spring Data JPA repositories in DEFERRED mode.
2020-06-22 04:11:07,604 INFO [main] o.s.d.r.c.RepositoryConfigurationDelegate [RepositoryConfigurationDelegate.java:187] Finished Spring Data repository scanning in 46ms. Found 1 JPA repository interfaces.
2020-06-22 04:11:08,052 INFO [main] o.s.b.w.e.t.TomcatWebServer [TomcatWebServer.java:108] Tomcat initialized with port(s): 9090 (http)
2020-06-22 04:11:08,060 INFO [main] o.a.c.h.Http11NioProtocol [DirectJDKLog.java:173] Initializing ProtocolHandler ["http-nio-9090"]
2020-06-22 04:11:08,061 INFO [main] o.a.c.c.StandardService [DirectJDKLog.java:173] Starting service [Tomcat]
2020-06-22 04:11:08,061 INFO [main] o.a.c.c.StandardEngine [DirectJDKLog.java:173] Starting Servlet engine: [Apache Tomcat/9.0.36]
2020-06-22 04:11:08,146 INFO [main] o.a.c.c.C.[.[.[/] [DirectJDKLog.java:173] Initializing Spring embedded WebApplicationContext
2020-06-22 04:11:08,147 INFO [main] o.s.b.w.s.c.ServletWebServerApplicationContext [ServletWebServerApplicationContext.java:285] Root WebApplicationContext: initialization completed in 1238 ms
2020-06-22 04:11:08,382 INFO [main] o.s.s.c.ThreadPoolTaskExecutor [ExecutorConfigurationSupport.java:181] Initializing ExecutorService 'applicationTaskExecutor'
2020-06-22 04:11:08,413 INFO [task-1] o.h.j.i.u.LogHelper [LogHelper.java:31] HHH000204: Processing PersistenceUnitInfo [name: default]
2020-06-22 04:11:08,445 WARN [main] o.s.b.a.o.j.JpaBaseConfiguration$JpaWebConfiguration [JpaBaseConfiguration.java:220] spring.jpa.open-in-view is enabled by default. Therefore, database queries may be performed during view rendering. Explicitly configure spring.jpa.open-in-view to disable this warning
2020-06-22 04:11:08,460 INFO [task-1] o.h.Version [Version.java:44] HHH000412: Hibernate ORM core version 5.4.17.Final
2020-06-22 04:11:08,629 INFO [task-1] o.h.a.c.Version [JavaReflectionManager.java:49] HCANN000001: Hibernate Commons Annotations {5.1.0.Final}
2020-06-22 04:11:08,670 INFO [main] o.s.b.a.w.s.WelcomePageHandlerMapping [WelcomePageHandlerMapping.java:58] Adding welcome page template: index
2020-06-22 04:11:08,745 INFO [task-1] c.z.h.HikariDataSource [HikariDataSource.java:110] HikariPool-1 - Starting...
2020-06-22 04:11:09,156 INFO [task-1] c.z.h.HikariDataSource [HikariDataSource.java:123] HikariPool-1 - Start completed.
2020-06-22 04:11:09,190 INFO [task-1] o.h.d.Dialect [Dialect.java:172] HHH000400: Using dialect: org.hibernate.dialect.MySQL8Dialect
2020-06-22 04:11:09,720 INFO [task-1] o.h.e.t.j.p.i.JtaPlatformInitiator [JtaPlatformInitiator.java:52] HHH000490: Using JtaPlatform implementation: [org.hibernate.engine.transaction.jta.platform.internal.NoJtaPlatform]
2020-06-22 04:11:09,725 INFO [task-1] o.s.o.j.LocalContainerEntityManagerFactoryBean [AbstractEntityManagerFactoryBean.java:416] Initialized JPA EntityManagerFactory for persistence unit 'default'
2020-06-22 04:11:09,766 INFO [main] o.s.b.a.e.w.EndpointLinksResolver [EndpointLinksResolver.java:58] Exposing 14 endpoint(s) beneath base path '/actuator'
2020-06-22 04:11:09,792 INFO [main] o.a.c.h.Http11NioProtocol [DirectJDKLog.java:173] Starting ProtocolHandler ["http-nio-9090"]
2020-06-22 04:11:09,810 INFO [main] o.s.b.w.e.t.TomcatWebServer [TomcatWebServer.java:220] Tomcat started on port(s): 9090 (http) with context path ''
2020-06-22 04:11:09,811 INFO [main] o.s.d.r.c.DeferredRepositoryInitializationListener [DeferredRepositoryInitializationListener.java:49] Triggering deferred initialization of Spring Data repositories…
2020-06-22 04:11:10,031 INFO [main] o.s.d.r.c.DeferredRepositoryInitializationListener [DeferredRepositoryInitializationListener.java:53] Spring Data repositories initialized!
2020-06-22 04:11:10,046 INFO [main] k.a.h.Homework3Application [StartupInfoLogger.java:61] Started Homework3Application in 3.564 seconds (JVM running for 3.904)
2020-06-22 04:12:39,920 INFO [SpringContextShutdownHook] o.s.o.j.LocalContainerEntityManagerFactoryBean [AbstractEntityManagerFactoryBean.java:598] Closing JPA EntityManagerFactory for persistence unit 'default'
2020-06-22 04:12:39,921 INFO [SpringContextShutdownHook] o.s.s.c.ThreadPoolTaskExecutor [ExecutorConfigurationSupport.java:218] Shutting down ExecutorService 'applicationTaskExecutor'
2020-06-22 04:12:39,921 INFO [SpringContextShutdownHook] c.z.h.HikariDataSource [HikariDataSource.java:350] HikariPool-1 - Shutdown initiated...
2020-06-22 04:12:39,929 INFO [SpringContextShutdownHook] c.z.h.HikariDataSource [HikariDataSource.java:352] HikariPool-1 - Shutdown completed.
2020-06-22 04:12:41,371 INFO [main] k.a.h.Homework3Application [StartupInfoLogger.java:55] Starting Homework3Application on Jiui-MacBookPro.local with PID 22756 (/Users/Dingni/Documents/GitHub/helloSpringBoot/homework3/target/classes started by Dingni in /Users/Dingni/Documents/GitHub/helloSpringBoot/homework3)
2020-06-22 04:12:41,373 DEBUG [main] k.a.h.Homework3Application [StartupInfoLogger.java:56] Running with Spring Boot v2.3.1.RELEASE, Spring v5.2.7.RELEASE
2020-06-22 04:12:41,373 INFO [main] k.a.h.Homework3Application [SpringApplication.java:651] No active profile set, falling back to default profiles: default
2020-06-22 04:12:42,079 INFO [main] o.s.d.r.c.RepositoryConfigurationDelegate [RepositoryConfigurationDelegate.java:127] Bootstrapping Spring Data JPA repositories in DEFERRED mode.
2020-06-22 04:12:42,134 INFO [main] o.s.d.r.c.RepositoryConfigurationDelegate [RepositoryConfigurationDelegate.java:187] Finished Spring Data repository scanning in 48ms. Found 1 JPA repository interfaces.
2020-06-22 04:12:42,602 INFO [main] o.s.b.w.e.t.TomcatWebServer [TomcatWebServer.java:108] Tomcat initialized with port(s): 9090 (http)
2020-06-22 04:12:42,611 INFO [main] o.a.c.h.Http11NioProtocol [DirectJDKLog.java:173] Initializing ProtocolHandler ["http-nio-9090"]
2020-06-22 04:12:42,612 INFO [main] o.a.c.c.StandardService [DirectJDKLog.java:173] Starting service [Tomcat]
2020-06-22 04:12:42,612 INFO [main] o.a.c.c.StandardEngine [DirectJDKLog.java:173] Starting Servlet engine: [Apache Tomcat/9.0.36]
2020-06-22 04:12:42,703 INFO [main] o.a.c.c.C.[.[.[/] [DirectJDKLog.java:173] Initializing Spring embedded WebApplicationContext
2020-06-22 04:12:42,703 INFO [main] o.s.b.w.s.c.ServletWebServerApplicationContext [ServletWebServerApplicationContext.java:285] Root WebApplicationContext: initialization completed in 1295 ms
2020-06-22 04:12:42,979 INFO [main] o.s.s.c.ThreadPoolTaskExecutor [ExecutorConfigurationSupport.java:181] Initializing ExecutorService 'applicationTaskExecutor'
2020-06-22 04:12:43,018 INFO [task-1] o.h.j.i.u.LogHelper [LogHelper.java:31] HHH000204: Processing PersistenceUnitInfo [name: default]
2020-06-22 04:12:43,057 WARN [main] o.s.b.a.o.j.JpaBaseConfiguration$JpaWebConfiguration [JpaBaseConfiguration.java:220] spring.jpa.open-in-view is enabled by default. Therefore, database queries may be performed during view rendering. Explicitly configure spring.jpa.open-in-view to disable this warning
2020-06-22 04:12:43,080 INFO [task-1] o.h.Version [Version.java:44] HHH000412: Hibernate ORM core version 5.4.17.Final
2020-06-22 04:12:43,288 INFO [task-1] o.h.a.c.Version [JavaReflectionManager.java:49] HCANN000001: Hibernate Commons Annotations {5.1.0.Final}
2020-06-22 04:12:43,329 INFO [main] o.s.b.a.w.s.WelcomePageHandlerMapping [WelcomePageHandlerMapping.java:58] Adding welcome page template: index
2020-06-22 04:12:43,408 INFO [task-1] c.z.h.HikariDataSource [HikariDataSource.java:110] HikariPool-1 - Starting...
2020-06-22 04:12:43,838 INFO [task-1] c.z.h.HikariDataSource [HikariDataSource.java:123] HikariPool-1 - Start completed.
2020-06-22 04:12:43,866 INFO [task-1] o.h.d.Dialect [Dialect.java:172] HHH000400: Using dialect: org.hibernate.dialect.MySQL8Dialect
2020-06-22 04:12:44,368 INFO [task-1] o.h.e.t.j.p.i.JtaPlatformInitiator [JtaPlatformInitiator.java:52] HHH000490: Using JtaPlatform implementation: [org.hibernate.engine.transaction.jta.platform.internal.NoJtaPlatform]
2020-06-22 04:12:44,372 INFO [task-1] o.s.o.j.LocalContainerEntityManagerFactoryBean [AbstractEntityManagerFactoryBean.java:416] Initialized JPA EntityManagerFactory for persistence unit 'default'
2020-06-22 04:12:44,413 INFO [main] o.s.b.a.e.w.EndpointLinksResolver [EndpointLinksResolver.java:58] Exposing 14 endpoint(s) beneath base path '/actuator'
2020-06-22 04:12:44,437 INFO [main] o.a.c.h.Http11NioProtocol [DirectJDKLog.java:173] Starting ProtocolHandler ["http-nio-9090"]
2020-06-22 04:12:44,455 INFO [main] o.s.b.w.e.t.TomcatWebServer [TomcatWebServer.java:220] Tomcat started on port(s): 9090 (http) with context path ''
2020-06-22 04:12:44,456 INFO [main] o.s.d.r.c.DeferredRepositoryInitializationListener [DeferredRepositoryInitializationListener.java:49] Triggering deferred initialization of Spring Data repositories…
2020-06-22 04:12:44,703 INFO [main] o.s.d.r.c.DeferredRepositoryInitializationListener [DeferredRepositoryInitializationListener.java:53] Spring Data repositories initialized!
2020-06-22 04:12:44,714 INFO [main] k.a.h.Homework3Application [StartupInfoLogger.java:61] Started Homework3Application in 3.585 seconds (JVM running for 3.918)
2020-06-22 04:14:47,642 INFO [SpringContextShutdownHook] o.s.o.j.LocalContainerEntityManagerFactoryBean [AbstractEntityManagerFactoryBean.java:598] Closing JPA EntityManagerFactory for persistence unit 'default'
2020-06-22 04:14:47,643 INFO [SpringContextShutdownHook] o.s.s.c.ThreadPoolTaskExecutor [ExecutorConfigurationSupport.java:218] Shutting down ExecutorService 'applicationTaskExecutor'
2020-06-22 04:14:47,644 INFO [SpringContextShutdownHook] c.z.h.HikariDataSource [HikariDataSource.java:350] HikariPool-1 - Shutdown initiated...
2020-06-22 04:14:47,651 INFO [SpringContextShutdownHook] c.z.h.HikariDataSource [HikariDataSource.java:352] HikariPool-1 - Shutdown completed.
2020-06-22 04:14:49,249 INFO [main] k.a.h.Homework3Application [StartupInfoLogger.java:55] Starting Homework3Application on Jiui-MacBookPro.local with PID 22767 (/Users/Dingni/Documents/GitHub/helloSpringBoot/homework3/target/classes started by Dingni in /Users/Dingni/Documents/GitHub/helloSpringBoot/homework3)
2020-06-22 04:14:49,251 DEBUG [main] k.a.h.Homework3Application [StartupInfoLogger.java:56] Running with Spring Boot v2.3.1.RELEASE, Spring v5.2.7.RELEASE
2020-06-22 04:14:49,251 INFO [main] k.a.h.Homework3Application [SpringApplication.java:651] No active profile set, falling back to default profiles: default
2020-06-22 04:14:49,938 INFO [main] o.s.d.r.c.RepositoryConfigurationDelegate [RepositoryConfigurationDelegate.java:127] Bootstrapping Spring Data JPA repositories in DEFERRED mode.
2020-06-22 04:14:49,992 INFO [main] o.s.d.r.c.RepositoryConfigurationDelegate [RepositoryConfigurationDelegate.java:187] Finished Spring Data repository scanning in 48ms. Found 1 JPA repository interfaces.
2020-06-22 04:14:50,507 INFO [main] o.s.b.w.e.t.TomcatWebServer [TomcatWebServer.java:108] Tomcat initialized with port(s): 9090 (http)
2020-06-22 04:14:50,519 INFO [main] o.a.c.h.Http11NioProtocol [DirectJDKLog.java:173] Initializing ProtocolHandler ["http-nio-9090"]
2020-06-22 04:14:50,520 INFO [main] o.a.c.c.StandardService [DirectJDKLog.java:173] Starting service [Tomcat]
2020-06-22 04:14:50,521 INFO [main] o.a.c.c.StandardEngine [DirectJDKLog.java:173] Starting Servlet engine: [Apache Tomcat/9.0.36]
2020-06-22 04:14:50,620 INFO [main] o.a.c.c.C.[.[.[/] [DirectJDKLog.java:173] Initializing Spring embedded WebApplicationContext
2020-06-22 04:14:50,621 INFO [main] o.s.b.w.s.c.ServletWebServerApplicationContext [ServletWebServerApplicationContext.java:285] Root WebApplicationContext: initialization completed in 1332 ms
2020-06-22 04:14:50,872 INFO [main] o.s.s.c.ThreadPoolTaskExecutor [ExecutorConfigurationSupport.java:181] Initializing ExecutorService 'applicationTaskExecutor'
2020-06-22 04:14:50,912 INFO [task-1] o.h.j.i.u.LogHelper [LogHelper.java:31] HHH000204: Processing PersistenceUnitInfo [name: default]
2020-06-22 04:14:50,942 WARN [main] o.s.b.a.o.j.JpaBaseConfiguration$JpaWebConfiguration [JpaBaseConfiguration.java:220] spring.jpa.open-in-view is enabled by default. Therefore, database queries may be performed during view rendering. Explicitly configure spring.jpa.open-in-view to disable this warning
2020-06-22 04:14:50,967 INFO [task-1] o.h.Version [Version.java:44] HHH000412: Hibernate ORM core version 5.4.17.Final
2020-06-22 04:14:51,147 INFO [task-1] o.h.a.c.Version [JavaReflectionManager.java:49] HCANN000001: Hibernate Commons Annotations {5.1.0.Final}
2020-06-22 04:14:51,176 INFO [main] o.s.b.a.w.s.WelcomePageHandlerMapping [WelcomePageHandlerMapping.java:58] Adding welcome page template: index
2020-06-22 04:14:51,260 INFO [task-1] c.z.h.HikariDataSource [HikariDataSource.java:110] HikariPool-1 - Starting...
2020-06-22 04:14:51,701 INFO [task-1] c.z.h.HikariDataSource [HikariDataSource.java:123] HikariPool-1 - Start completed.
2020-06-22 04:14:51,742 INFO [task-1] o.h.d.Dialect [Dialect.java:172] HHH000400: Using dialect: org.hibernate.dialect.MySQL8Dialect
2020-06-22 04:14:52,437 INFO [task-1] o.h.e.t.j.p.i.JtaPlatformInitiator [JtaPlatformInitiator.java:52] HHH000490: Using JtaPlatform implementation: [org.hibernate.engine.transaction.jta.platform.internal.NoJtaPlatform]
2020-06-22 04:14:52,442 INFO [task-1] o.s.o.j.LocalContainerEntityManagerFactoryBean [AbstractEntityManagerFactoryBean.java:416] Initialized JPA EntityManagerFactory for persistence unit 'default'
2020-06-22 04:14:52,494 INFO [main] o.s.b.a.e.w.EndpointLinksResolver [EndpointLinksResolver.java:58] Exposing 14 endpoint(s) beneath base path '/actuator'
2020-06-22 04:14:52,533 INFO [main] o.a.c.h.Http11NioProtocol [DirectJDKLog.java:173] Starting ProtocolHandler ["http-nio-9090"]
2020-06-22 04:14:52,554 INFO [main] o.s.b.w.e.t.TomcatWebServer [TomcatWebServer.java:220] Tomcat started on port(s): 9090 (http) with context path ''
2020-06-22 04:14:52,555 INFO [main] o.s.d.r.c.DeferredRepositoryInitializationListener [DeferredRepositoryInitializationListener.java:49] Triggering deferred initialization of Spring Data repositories…
2020-06-22 04:14:52,807 INFO [main] o.s.d.r.c.DeferredRepositoryInitializationListener [DeferredRepositoryInitializationListener.java:53] Spring Data repositories initialized!
2020-06-22 04:14:52,828 INFO [main] k.a.h.Homework3Application [StartupInfoLogger.java:61] Started Homework3Application in 3.963 seconds (JVM running for 4.316)
2020-06-22 04:15:54,108 INFO [SpringContextShutdownHook] o.s.o.j.LocalContainerEntityManagerFactoryBean [AbstractEntityManagerFactoryBean.java:598] Closing JPA EntityManagerFactory for persistence unit 'default'
2020-06-22 04:15:54,110 INFO [SpringContextShutdownHook] o.s.s.c.ThreadPoolTaskExecutor [ExecutorConfigurationSupport.java:218] Shutting down ExecutorService 'applicationTaskExecutor'
2020-06-22 04:15:54,110 INFO [SpringContextShutdownHook] c.z.h.HikariDataSource [HikariDataSource.java:350] HikariPool-1 - Shutdown initiated...
2020-06-22 04:15:54,118 INFO [SpringContextShutdownHook] c.z.h.HikariDataSource [HikariDataSource.java:352] HikariPool-1 - Shutdown completed.
2020-06-22 04:15:56,852 INFO [main] k.a.h.Homework3Application [StartupInfoLogger.java:55] Starting Homework3Application on Jiui-MacBookPro.local with PID 22770 (/Users/Dingni/Documents/GitHub/helloSpringBoot/homework3/target/classes started by Dingni in /Users/Dingni/Documents/GitHub/helloSpringBoot/homework3)
2020-06-22 04:15:56,853 DEBUG [main] k.a.h.Homework3Application [StartupInfoLogger.java:56] Running with Spring Boot v2.3.1.RELEASE, Spring v5.2.7.RELEASE
2020-06-22 04:15:56,854 INFO [main] k.a.h.Homework3Application [SpringApplication.java:651] No active profile set, falling back to default profiles: default
2020-06-22 04:15:57,538 INFO [main] o.s.d.r.c.RepositoryConfigurationDelegate [RepositoryConfigurationDelegate.java:127] Bootstrapping Spring Data JPA repositories in DEFERRED mode.
2020-06-22 04:15:57,593 INFO [main] o.s.d.r.c.RepositoryConfigurationDelegate [RepositoryConfigurationDelegate.java:187] Finished Spring Data repository scanning in 48ms. Found 1 JPA repository interfaces.
2020-06-22 04:15:58,068 INFO [main] o.s.b.w.e.t.TomcatWebServer [TomcatWebServer.java:108] Tomcat initialized with port(s): 9090 (http)
2020-06-22 04:15:58,077 INFO [main] o.a.c.h.Http11NioProtocol [DirectJDKLog.java:173] Initializing ProtocolHandler ["http-nio-9090"]
2020-06-22 04:15:58,077 INFO [main] o.a.c.c.StandardService [DirectJDKLog.java:173] Starting service [Tomcat]
2020-06-22 04:15:58,078 INFO [main] o.a.c.c.StandardEngine [DirectJDKLog.java:173] Starting Servlet engine: [Apache Tomcat/9.0.36]
2020-06-22 04:15:58,173 INFO [main] o.a.c.c.C.[.[.[/] [DirectJDKLog.java:173] Initializing Spring embedded WebApplicationContext
2020-06-22 04:15:58,173 INFO [main] o.s.b.w.s.c.ServletWebServerApplicationContext [ServletWebServerApplicationContext.java:285] Root WebApplicationContext: initialization completed in 1280 ms
2020-06-22 04:15:58,461 INFO [main] o.s.s.c.ThreadPoolTaskExecutor [ExecutorConfigurationSupport.java:181] Initializing ExecutorService 'applicationTaskExecutor'
2020-06-22 04:15:58,504 INFO [task-1] o.h.j.i.u.LogHelper [LogHelper.java:31] HHH000204: Processing PersistenceUnitInfo [name: default]
2020-06-22 04:15:58,541 WARN [main] o.s.b.a.o.j.JpaBaseConfiguration$JpaWebConfiguration [JpaBaseConfiguration.java:220] spring.jpa.open-in-view is enabled by default. Therefore, database queries may be performed during view rendering. Explicitly configure spring.jpa.open-in-view to disable this warning
2020-06-22 04:15:58,565 INFO [task-1] o.h.Version [Version.java:44] HHH000412: Hibernate ORM core version 5.4.17.Final
2020-06-22 04:15:58,773 INFO [task-1] o.h.a.c.Version [JavaReflectionManager.java:49] HCANN000001: Hibernate Commons Annotations {5.1.0.Final}
2020-06-22 04:15:58,796 INFO [main] o.s.b.a.w.s.WelcomePageHandlerMapping [WelcomePageHandlerMapping.java:58] Adding welcome page template: index
2020-06-22 04:15:58,903 INFO [task-1] c.z.h.HikariDataSource [HikariDataSource.java:110] HikariPool-1 - Starting...
2020-06-22 04:15:59,381 INFO [task-1] c.z.h.HikariDataSource [HikariDataSource.java:123] HikariPool-1 - Start completed.
2020-06-22 04:15:59,407 INFO [task-1] o.h.d.Dialect [Dialect.java:172] HHH000400: Using dialect: org.hibernate.dialect.MySQL8Dialect
2020-06-22 04:15:59,921 INFO [task-1] o.h.e.t.j.p.i.JtaPlatformInitiator [JtaPlatformInitiator.java:52] HHH000490: Using JtaPlatform implementation: [org.hibernate.engine.transaction.jta.platform.internal.NoJtaPlatform]
2020-06-22 04:15:59,926 INFO [task-1] o.s.o.j.LocalContainerEntityManagerFactoryBean [AbstractEntityManagerFactoryBean.java:416] Initialized JPA EntityManagerFactory for persistence unit 'default'
2020-06-22 04:15:59,965 INFO [main] o.s.b.a.e.w.EndpointLinksResolver [EndpointLinksResolver.java:58] Exposing 14 endpoint(s) beneath base path '/actuator'
2020-06-22 04:15:59,990 INFO [main] o.a.c.h.Http11NioProtocol [DirectJDKLog.java:173] Starting ProtocolHandler ["http-nio-9090"]
2020-06-22 04:16:00,015 INFO [main] o.s.b.w.e.t.TomcatWebServer [TomcatWebServer.java:220] Tomcat started on port(s): 9090 (http) with context path ''
2020-06-22 04:16:00,016 INFO [main] o.s.d.r.c.DeferredRepositoryInitializationListener [DeferredRepositoryInitializationListener.java:49] Triggering deferred initialization of Spring Data repositories…
2020-06-22 04:16:00,263 INFO [main] o.s.d.r.c.DeferredRepositoryInitializationListener [DeferredRepositoryInitializationListener.java:53] Spring Data repositories initialized!
2020-06-22 04:16:00,283 INFO [main] k.a.h.Homework3Application [StartupInfoLogger.java:61] Started Homework3Application in 3.669 seconds (JVM running for 4.008)
2020-06-22 04:20:05,230 INFO [SpringContextShutdownHook] o.s.o.j.LocalContainerEntityManagerFactoryBean [AbstractEntityManagerFactoryBean.java:598] Closing JPA EntityManagerFactory for persistence unit 'default'
2020-06-22 04:20:05,232 INFO [SpringContextShutdownHook] o.s.s.c.ThreadPoolTaskExecutor [ExecutorConfigurationSupport.java:218] Shutting down ExecutorService 'applicationTaskExecutor'
2020-06-22 04:20:05,232 INFO [SpringContextShutdownHook] c.z.h.HikariDataSource [HikariDataSource.java:350] HikariPool-1 - Shutdown initiated...
2020-06-22 04:20:05,241 INFO [SpringContextShutdownHook] c.z.h.HikariDataSource [HikariDataSource.java:352] HikariPool-1 - Shutdown completed.
2020-06-22 04:20:06,879 INFO [main] k.a.h.Homework3Application [StartupInfoLogger.java:55] Starting Homework3Application on Jiui-MacBookPro.local with PID 22829 (/Users/Dingni/Documents/GitHub/helloSpringBoot/homework3/target/classes started by Dingni in /Users/Dingni/Documents/GitHub/helloSpringBoot/homework3)
2020-06-22 04:20:06,880 DEBUG [main] k.a.h.Homework3Application [StartupInfoLogger.java:56] Running with Spring Boot v2.3.1.RELEASE, Spring v5.2.7.RELEASE
2020-06-22 04:20:06,881 INFO [main] k.a.h.Homework3Application [SpringApplication.java:651] No active profile set, falling back to default profiles: default
2020-06-22 04:20:07,568 INFO [main] o.s.d.r.c.RepositoryConfigurationDelegate [RepositoryConfigurationDelegate.java:127] Bootstrapping Spring Data JPA repositories in DEFERRED mode.
2020-06-22 04:20:07,623 INFO [main] o.s.d.r.c.RepositoryConfigurationDelegate [RepositoryConfigurationDelegate.java:187] Finished Spring Data repository scanning in 49ms. Found 1 JPA repository interfaces.
2020-06-22 04:20:08,084 INFO [main] o.s.b.w.e.t.TomcatWebServer [TomcatWebServer.java:108] Tomcat initialized with port(s): 9090 (http)
2020-06-22 04:20:08,092 INFO [main] o.a.c.h.Http11NioProtocol [DirectJDKLog.java:173] Initializing ProtocolHandler ["http-nio-9090"]
2020-06-22 04:20:08,093 INFO [main] o.a.c.c.StandardService [DirectJDKLog.java:173] Starting service [Tomcat]
2020-06-22 04:20:08,093 INFO [main] o.a.c.c.StandardEngine [DirectJDKLog.java:173] Starting Servlet engine: [Apache Tomcat/9.0.36]
2020-06-22 04:20:08,182 INFO [main] o.a.c.c.C.[.[.[/] [DirectJDKLog.java:173] Initializing Spring embedded WebApplicationContext
2020-06-22 04:20:08,183 INFO [main] o.s.b.w.s.c.ServletWebServerApplicationContext [ServletWebServerApplicationContext.java:285] Root WebApplicationContext: initialization completed in 1261 ms
2020-06-22 04:20:08,437 INFO [main] o.s.s.c.ThreadPoolTaskExecutor [ExecutorConfigurationSupport.java:181] Initializing ExecutorService 'applicationTaskExecutor'
2020-06-22 04:20:08,469 INFO [task-1] o.h.j.i.u.LogHelper [LogHelper.java:31] HHH000204: Processing PersistenceUnitInfo [name: default]
2020-06-22 04:20:08,503 WARN [main] o.s.b.a.o.j.JpaBaseConfiguration$JpaWebConfiguration [JpaBaseConfiguration.java:220] spring.jpa.open-in-view is enabled by default. Therefore, database queries may be performed during view rendering. Explicitly configure spring.jpa.open-in-view to disable this warning
2020-06-22 04:20:08,521 INFO [task-1] o.h.Version [Version.java:44] HHH000412: Hibernate ORM core version 5.4.17.Final
2020-06-22 04:20:08,702 INFO [task-1] o.h.a.c.Version [JavaReflectionManager.java:49] HCANN000001: Hibernate Commons Annotations {5.1.0.Final}
2020-06-22 04:20:08,738 INFO [main] o.s.b.a.w.s.WelcomePageHandlerMapping [WelcomePageHandlerMapping.java:58] Adding welcome page template: index
2020-06-22 04:20:08,811 INFO [task-1] c.z.h.HikariDataSource [HikariDataSource.java:110] HikariPool-1 - Starting...
2020-06-22 04:20:09,206 INFO [task-1] c.z.h.HikariDataSource [HikariDataSource.java:123] HikariPool-1 - Start completed.
2020-06-22 04:20:09,230 INFO [task-1] o.h.d.Dialect [Dialect.java:172] HHH000400: Using dialect: org.hibernate.dialect.MySQL8Dialect
2020-06-22 04:20:09,734 INFO [task-1] o.h.e.t.j.p.i.JtaPlatformInitiator [JtaPlatformInitiator.java:52] HHH000490: Using JtaPlatform implementation: [org.hibernate.engine.transaction.jta.platform.internal.NoJtaPlatform]
2020-06-22 04:20:09,739 INFO [task-1] o.s.o.j.LocalContainerEntityManagerFactoryBean [AbstractEntityManagerFactoryBean.java:416] Initialized JPA EntityManagerFactory for persistence unit 'default'
2020-06-22 04:20:09,779 INFO [main] o.s.b.a.e.w.EndpointLinksResolver [EndpointLinksResolver.java:58] Exposing 14 endpoint(s) beneath base path '/actuator'
2020-06-22 04:20:09,805 INFO [main] o.a.c.h.Http11NioProtocol [DirectJDKLog.java:173] Starting ProtocolHandler ["http-nio-9090"]
2020-06-22 04:20:09,820 INFO [main] o.s.b.w.e.t.TomcatWebServer [TomcatWebServer.java:220] Tomcat started on port(s): 9090 (http) with context path ''
2020-06-22 04:20:09,821 INFO [main] o.s.d.r.c.DeferredRepositoryInitializationListener [DeferredRepositoryInitializationListener.java:49] Triggering deferred initialization of Spring Data repositories…
2020-06-22 04:20:10,045 INFO [main] o.s.d.r.c.DeferredRepositoryInitializationListener [DeferredRepositoryInitializationListener.java:53] Spring Data repositories initialized!
2020-06-22 04:20:10,061 INFO [main] k.a.h.Homework3Application [StartupInfoLogger.java:61] Started Homework3Application in 3.618 seconds (JVM running for 3.957)
2020-06-22 04:23:19,101 INFO [http-nio-9090-exec-1] o.a.c.c.C.[.[.[/] [DirectJDKLog.java:173] Initializing Spring DispatcherServlet 'dispatcherServlet'
2020-06-22 04:23:19,101 INFO [http-nio-9090-exec-1] o.s.w.s.DispatcherServlet [FrameworkServlet.java:525] Initializing Servlet 'dispatcherServlet'
2020-06-22 04:23:19,106 INFO [http-nio-9090-exec-1] o.s.w.s.DispatcherServlet [FrameworkServlet.java:547] Completed initialization in 5 ms
2020-06-22 04:27:45,957 WARN [http-nio-9090-exec-9] o.s.w.s.m.s.DefaultHandlerExceptionResolver [AbstractHandlerExceptionResolver.java:199] Resolved [org.springframework.web.method.annotation.MethodArgumentTypeMismatchException: Failed to convert value of type 'java.lang.String' to required type 'int'; nested exception is java.lang.NumberFormatException: For input string: "category"]
2020-06-22 04:28:40,765 WARN [http-nio-9090-exec-1] o.s.w.s.m.s.DefaultHandlerExceptionResolver [AbstractHandlerExceptionResolver.java:199] Resolved [org.springframework.web.method.annotation.MethodArgumentTypeMismatchException: Failed to convert value of type 'java.lang.String' to required type 'int'; nested exception is java.lang.NumberFormatException: For input string: "category"]
2020-06-22 04:32:04,390 INFO [SpringContextShutdownHook] o.s.o.j.LocalContainerEntityManagerFactoryBean [AbstractEntityManagerFactoryBean.java:598] Closing JPA EntityManagerFactory for persistence unit 'default'
2020-06-22 04:32:04,392 INFO [SpringContextShutdownHook] o.s.s.c.ThreadPoolTaskExecutor [ExecutorConfigurationSupport.java:218] Shutting down ExecutorService 'applicationTaskExecutor'
2020-06-22 04:32:04,392 INFO [SpringContextShutdownHook] c.z.h.HikariDataSource [HikariDataSource.java:350] HikariPool-1 - Shutdown initiated...
2020-06-22 04:32:04,399 INFO [SpringContextShutdownHook] c.z.h.HikariDataSource [HikariDataSource.java:352] HikariPool-1 - Shutdown completed.
2020-06-22 04:32:05,887 INFO [main] k.a.h.Homework3Application [StartupInfoLogger.java:55] Starting Homework3Application on Jiui-MacBookPro.local with PID 22881 (/Users/Dingni/Documents/GitHub/helloSpringBoot/homework3/target/classes started by Dingni in /Users/Dingni/Documents/GitHub/helloSpringBoot/homework3)
2020-06-22 04:32:05,889 DEBUG [main] k.a.h.Homework3Application [StartupInfoLogger.java:56] Running with Spring Boot v2.3.1.RELEASE, Spring v5.2.7.RELEASE
2020-06-22 04:32:05,889 INFO [main] k.a.h.Homework3Application [SpringApplication.java:651] No active profile set, falling back to default profiles: default
2020-06-22 04:32:06,630 INFO [main] o.s.d.r.c.RepositoryConfigurationDelegate [RepositoryConfigurationDelegate.java:127] Bootstrapping Spring Data JPA repositories in DEFERRED mode.
2020-06-22 04:32:06,685 INFO [main] o.s.d.r.c.RepositoryConfigurationDelegate [RepositoryConfigurationDelegate.java:187] Finished Spring Data repository scanning in 49ms. Found 1 JPA repository interfaces.
2020-06-22 04:32:07,160 INFO [main] o.s.b.w.e.t.TomcatWebServer [TomcatWebServer.java:108] Tomcat initialized with port(s): 9090 (http)
2020-06-22 04:32:07,168 INFO [main] o.a.c.h.Http11NioProtocol [DirectJDKLog.java:173] Initializing ProtocolHandler ["http-nio-9090"]
2020-06-22 04:32:07,168 INFO [main] o.a.c.c.StandardService [DirectJDKLog.java:173] Starting service [Tomcat]
2020-06-22 04:32:07,169 INFO [main] o.a.c.c.StandardEngine [DirectJDKLog.java:173] Starting Servlet engine: [Apache Tomcat/9.0.36]
2020-06-22 04:32:07,258 INFO [main] o.a.c.c.C.[.[.[/] [DirectJDKLog.java:173] Initializing Spring embedded WebApplicationContext
2020-06-22 04:32:07,258 INFO [main] o.s.b.w.s.c.ServletWebServerApplicationContext [ServletWebServerApplicationContext.java:285] Root WebApplicationContext: initialization completed in 1330 ms
2020-06-22 04:32:07,518 INFO [main] o.s.s.c.ThreadPoolTaskExecutor [ExecutorConfigurationSupport.java:181] Initializing ExecutorService 'applicationTaskExecutor'
2020-06-22 04:32:07,556 INFO [task-1] o.h.j.i.u.LogHelper [LogHelper.java:31] HHH000204: Processing PersistenceUnitInfo [name: default]
2020-06-22 04:32:07,595 WARN [main] o.s.b.a.o.j.JpaBaseConfiguration$JpaWebConfiguration [JpaBaseConfiguration.java:220] spring.jpa.open-in-view is enabled by default. Therefore, database queries may be performed during view rendering. Explicitly configure spring.jpa.open-in-view to disable this warning
2020-06-22 04:32:07,614 INFO [task-1] o.h.Version [Version.java:44] HHH000412: Hibernate ORM core version 5.4.17.Final
2020-06-22 04:32:07,779 INFO [task-1] o.h.a.c.Version [JavaReflectionManager.java:49] HCANN000001: Hibernate Commons Annotations {5.1.0.Final}
2020-06-22 04:32:07,819 INFO [main] o.s.b.a.w.s.WelcomePageHandlerMapping [WelcomePageHandlerMapping.java:58] Adding welcome page template: index
2020-06-22 04:32:07,894 INFO [task-1] c.z.h.HikariDataSource [HikariDataSource.java:110] HikariPool-1 - Starting...
2020-06-22 04:32:08,331 INFO [task-1] c.z.h.HikariDataSource [HikariDataSource.java:123] HikariPool-1 - Start completed.
2020-06-22 04:32:08,361 INFO [task-1] o.h.d.Dialect [Dialect.java:172] HHH000400: Using dialect: org.hibernate.dialect.MySQL8Dialect
2020-06-22 04:32:08,925 INFO [task-1] o.h.e.t.j.p.i.JtaPlatformInitiator [JtaPlatformInitiator.java:52] HHH000490: Using JtaPlatform implementation: [org.hibernate.engine.transaction.jta.platform.internal.NoJtaPlatform]
2020-06-22 04:32:08,931 INFO [task-1] o.s.o.j.LocalContainerEntityManagerFactoryBean [AbstractEntityManagerFactoryBean.java:416] Initialized JPA EntityManagerFactory for persistence unit 'default'
2020-06-22 04:32:08,985 INFO [main] o.s.b.a.e.w.EndpointLinksResolver [EndpointLinksResolver.java:58] Exposing 14 endpoint(s) beneath base path '/actuator'
2020-06-22 04:32:09,016 INFO [main] o.a.c.h.Http11NioProtocol [DirectJDKLog.java:173] Starting ProtocolHandler ["http-nio-9090"]
2020-06-22 04:32:09,034 INFO [main] o.s.b.w.e.t.TomcatWebServer [TomcatWebServer.java:220] Tomcat started on port(s): 9090 (http) with context path ''
2020-06-22 04:32:09,035 INFO [main] o.s.d.r.c.DeferredRepositoryInitializationListener [DeferredRepositoryInitializationListener.java:49] Triggering deferred initialization of Spring Data repositories…
2020-06-22 04:32:09,287 INFO [main] o.s.d.r.c.DeferredRepositoryInitializationListener [DeferredRepositoryInitializationListener.java:53] Spring Data repositories initialized!
2020-06-22 04:32:09,301 INFO [main] k.a.h.Homework3Application [StartupInfoLogger.java:61] Started Homework3Application in 3.674 seconds (JVM running for 4.026)
2020-06-22 04:32:27,783 INFO [http-nio-9090-exec-1] o.a.c.c.C.[.[.[/] [DirectJDKLog.java:173] Initializing Spring DispatcherServlet 'dispatcherServlet'
2020-06-22 04:32:27,783 INFO [http-nio-9090-exec-1] o.s.w.s.DispatcherServlet [FrameworkServlet.java:525] Initializing Servlet 'dispatcherServlet'
2020-06-22 04:32:27,788 INFO [http-nio-9090-exec-1] o.s.w.s.DispatcherServlet [FrameworkServlet.java:547] Completed initialization in 5 ms
2020-06-22 04:32:33,627 INFO [SpringContextShutdownHook] o.s.o.j.LocalContainerEntityManagerFactoryBean [AbstractEntityManagerFactoryBean.java:598] Closing JPA EntityManagerFactory for persistence unit 'default'
2020-06-22 04:32:33,629 INFO [SpringContextShutdownHook] o.s.s.c.ThreadPoolTaskExecutor [ExecutorConfigurationSupport.java:218] Shutting down ExecutorService 'applicationTaskExecutor'
2020-06-22 04:32:33,629 INFO [SpringContextShutdownHook] c.z.h.HikariDataSource [HikariDataSource.java:350] HikariPool-1 - Shutdown initiated...
2020-06-22 04:32:33,637 INFO [SpringContextShutdownHook] c.z.h.HikariDataSource [HikariDataSource.java:352] HikariPool-1 - Shutdown completed.
2020-06-22 04:32:35,065 INFO [main] k.a.h.Homework3Application [StartupInfoLogger.java:55] Starting Homework3Application on Jiui-MacBookPro.local with PID 22883 (/Users/Dingni/Documents/GitHub/helloSpringBoot/homework3/target/classes started by Dingni in /Users/Dingni/Documents/GitHub/helloSpringBoot/homework3)
2020-06-22 04:32:35,067 DEBUG [main] k.a.h.Homework3Application [StartupInfoLogger.java:56] Running with Spring Boot v2.3.1.RELEASE, Spring v5.2.7.RELEASE
2020-06-22 04:32:35,067 INFO [main] k.a.h.Homework3Application [SpringApplication.java:651] No active profile set, falling back to default profiles: default
2020-06-22 04:32:35,761 INFO [main] o.s.d.r.c.RepositoryConfigurationDelegate [RepositoryConfigurationDelegate.java:127] Bootstrapping Spring Data JPA repositories in DEFERRED mode.
2020-06-22 04:32:35,815 INFO [main] o.s.d.r.c.RepositoryConfigurationDelegate [RepositoryConfigurationDelegate.java:187] Finished Spring Data repository scanning in 48ms. Found 1 JPA repository interfaces.
2020-06-22 04:32:36,290 INFO [main] o.s.b.w.e.t.TomcatWebServer [TomcatWebServer.java:108] Tomcat initialized with port(s): 9090 (http)
2020-06-22 04:32:36,299 INFO [main] o.a.c.h.Http11NioProtocol [DirectJDKLog.java:173] Initializing ProtocolHandler ["http-nio-9090"]
2020-06-22 04:32:36,299 INFO [main] o.a.c.c.StandardService [DirectJDKLog.java:173] Starting service [Tomcat]
2020-06-22 04:32:36,300 INFO [main] o.a.c.c.StandardEngine [DirectJDKLog.java:173] Starting Servlet engine: [Apache Tomcat/9.0.36]
2020-06-22 04:32:36,391 INFO [main] o.a.c.c.C.[.[.[/] [DirectJDKLog.java:173] Initializing Spring embedded WebApplicationContext
2020-06-22 04:32:36,392 INFO [main] o.s.b.w.s.c.ServletWebServerApplicationContext [ServletWebServerApplicationContext.java:285] Root WebApplicationContext: initialization completed in 1285 ms
2020-06-22 04:32:36,639 INFO [main] o.s.s.c.ThreadPoolTaskExecutor [ExecutorConfigurationSupport.java:181] Initializing ExecutorService 'applicationTaskExecutor'
2020-06-22 04:32:36,677 INFO [task-1] o.h.j.i.u.LogHelper [LogHelper.java:31] HHH000204: Processing PersistenceUnitInfo [name: default]
2020-06-22 04:32:36,705 WARN [main] o.s.b.a.o.j.JpaBaseConfiguration$JpaWebConfiguration [JpaBaseConfiguration.java:220] spring.jpa.open-in-view is enabled by default. Therefore, database queries may be performed during view rendering. Explicitly configure spring.jpa.open-in-view to disable this warning
2020-06-22 04:32:36,729 INFO [task-1] o.h.Version [Version.java:44] HHH000412: Hibernate ORM core version 5.4.17.Final
2020-06-22 04:32:36,922 INFO [task-1] o.h.a.c.Version [JavaReflectionManager.java:49] HCANN000001: Hibernate Commons Annotations {5.1.0.Final}
2020-06-22 04:32:36,954 INFO [main] o.s.b.a.w.s.WelcomePageHandlerMapping [WelcomePageHandlerMapping.java:58] Adding welcome page template: index
2020-06-22 04:32:37,034 INFO [task-1] c.z.h.HikariDataSource [HikariDataSource.java:110] HikariPool-1 - Starting...
2020-06-22 04:32:37,464 INFO [task-1] c.z.h.HikariDataSource [HikariDataSource.java:123] HikariPool-1 - Start completed.
2020-06-22 04:32:37,491 INFO [task-1] o.h.d.Dialect [Dialect.java:172] HHH000400: Using dialect: org.hibernate.dialect.MySQL8Dialect
2020-06-22 04:32:37,981 INFO [task-1] o.h.e.t.j.p.i.JtaPlatformInitiator [JtaPlatformInitiator.java:52] HHH000490: Using JtaPlatform implementation: [org.hibernate.engine.transaction.jta.platform.internal.NoJtaPlatform]
2020-06-22 04:32:37,986 INFO [task-1] o.s.o.j.LocalContainerEntityManagerFactoryBean [AbstractEntityManagerFactoryBean.java:416] Initialized JPA EntityManagerFactory for persistence unit 'default'
2020-06-22 04:32:38,027 INFO [main] o.s.b.a.e.w.EndpointLinksResolver [EndpointLinksResolver.java:58] Exposing 14 endpoint(s) beneath base path '/actuator'
2020-06-22 04:32:38,055 INFO [main] o.a.c.h.Http11NioProtocol [DirectJDKLog.java:173] Starting ProtocolHandler ["http-nio-9090"]
2020-06-22 04:32:38,072 INFO [main] o.s.b.w.e.t.TomcatWebServer [TomcatWebServer.java:220] Tomcat started on port(s): 9090 (http) with context path ''
2020-06-22 04:32:38,073 INFO [main] o.s.d.r.c.DeferredRepositoryInitializationListener [DeferredRepositoryInitializationListener.java:49] Triggering deferred initialization of Spring Data repositories…
2020-06-22 04:32:38,315 INFO [main] o.s.d.r.c.DeferredRepositoryInitializationListener [DeferredRepositoryInitializationListener.java:53] Spring Data repositories initialized!
2020-06-22 04:32:38,332 INFO [main] k.a.h.Homework3Application [StartupInfoLogger.java:61] Started Homework3Application in 3.513 seconds (JVM running for 3.86)
2020-06-22 04:32:55,711 INFO [http-nio-9090-exec-2] o.a.c.c.C.[.[.[/] [DirectJDKLog.java:173] Initializing Spring DispatcherServlet 'dispatcherServlet'
2020-06-22 04:32:55,711 INFO [http-nio-9090-exec-2] o.s.w.s.DispatcherServlet [FrameworkServlet.java:525] Initializing Servlet 'dispatcherServlet'
2020-06-22 04:32:55,716 INFO [http-nio-9090-exec-2] o.s.w.s.DispatcherServlet [FrameworkServlet.java:547] Completed initialization in 5 ms
2020-06-22 05:11:07,719 INFO [SpringContextShutdownHook] o.s.o.j.LocalContainerEntityManagerFactoryBean [AbstractEntityManagerFactoryBean.java:598] Closing JPA EntityManagerFactory for persistence unit 'default'
2020-06-22 05:11:07,721 INFO [SpringContextShutdownHook] o.s.s.c.ThreadPoolTaskExecutor [ExecutorConfigurationSupport.java:218] Shutting down ExecutorService 'applicationTaskExecutor'
2020-06-22 05:11:07,721 INFO [SpringContextShutdownHook] c.z.h.HikariDataSource [HikariDataSource.java:350] HikariPool-1 - Shutdown initiated...
2020-06-22 05:11:07,728 INFO [SpringContextShutdownHook] c.z.h.HikariDataSource [HikariDataSource.java:352] HikariPool-1 - Shutdown completed.
